<?xml version="1.0" encoding="UTF-8"?>
<!-- Generated by org.testng.reporters.JUnitXMLReporter -->
<testsuite hostname="DESKTOP-VSJJ039" ignored="0" name="Login Test" tests="1" failures="1" timestamp="2021-01-18T17:54:36 IST" time="23.269" errors="0">
  <testcase name="trinityTwo_Login_Page_Title" time="19.382" classname="com.TrinityTwo.suite.loginAndSignup.TrinityTwoLoginPageTitle">
    <failure type="java.lang.AssertionError" message="The following asserts failed:
	Titles do not match. Got title as DT&amp;amp;T Member Area">
      <![CDATA[java.lang.AssertionError: The following asserts failed:
Titles do not match. Got title as DT&T Member Area
at com.TrinityTwo.web.TrinityTwoValidationDriver.assertAll(TrinityTwoValidationDriver.java:96)
at com.TrinityTwo.session.TrinityTwoTestSession.end(TrinityTwoTestSession.java:58)
at com.TrinityTwo.suite.loginAndSignup.TrinityTwoLoginPageTitle.trinityTwo_Login_Page_Title(TrinityTwoLoginPageTitle.java:38)
at java.util.ArrayList.forEach(Unknown Source)
... Removed 29 stack frames]]>
    </failure>
  </testcase> <!-- trinityTwo_Login_Page_Title -->
</testsuite> <!-- Login Test -->
